50952 111675 1560416400 27
270539 111675 1560416400 53
255001 70490 1560416400 92
269354 113418 1560416400 34
123220 12644 1560416400 135
238963 44160 1560416400 186
161198 48081 1560416400 14
223422 24264 1560416400 62
57712 48081 1560416400 24
279096 94592 1560416400 59
346321 27762 1560416400 3
105314 75471 1560416400 115
381295 46939 1560416400 57
403546 106946 1560416400 459
206488 91772 1560416400 13
313986 59370 1560416400 179
201361 79953 1560416400 1
49401 87711 1560416400 320
285931 17830 1560416400 103
9832 93859 1560416400 95
321760 29946 1560416400 19
222748 30445 1560416401 4
177706 13707 1560416401 493
337154 36952 1560416401 40
369818 29862 1560416401 11
67920 33600 1560416401 9
5197 27762 1560416401 3
19425 46939 1560416401 47
415570 87711 1560416401 306
311999 3818 1560416401 14
303358 102273 1560416401 89
325947 81979 1560416401 33
95393 106946 1560416401 129
305044 68100 1560416401 79
202262 46939 1560416401 75
170424 42481 1560416401 62
436794 48081 1560416401 34
351511 98072 1560416401 48
23856 106453 1560416401 3
345409 109976 1560416401 14
421993 97179 1560416401 41
1199 14581 1560416401 62
7384 106946 1560416401 48
229995 75449 1560416401 7
187189 97179 1560416401 5
235208 71858 1560416401 6
315941 55212 1560416401 4
77738 50556 1560416401 40
96699 66930 1560416402 12
274664 24264 1560416402 119
190703 102099 1560416402 60
87135 44943 1560416402 1211
333512 46939 1560416402 107
91073 44943 1560416402 19
156604 75434 1560416402 1438
337889 25057 1560416402 184
373054 110083 1560416402 8
445551 79374 1560416402 488
410114 84579 1560416402 1
19232 98072 1560416402 53
146449 22131 1560416402 3
299562 75185 1560416402 1
256718 29060 1560416402 642
198194 13736 1560416402 6
197820 49531 1560416402 76
203404 98072 1560416402 235
299534 52668 1560416402 17
60607 53424 1560416402 1
248208 61271 1560416402 86
247301 63739 1560416402 2
282102 27762 1560416402 1
259951 96022 1560416402 220
430598 15076 1560416402 4
21773 52075 1560416402 99
22003 10084 1560416402 48
57333 65289 1560416402 45
271323 89327 1560416402 73
379787 40032 1560416402 5
373780 71858 1560416402 3
297113 49531 1560416403 61
409294 71858 1560416403 2
81726 81984 1560416403 1
384907 109976 1560416403 131
267958 89509 1560416403 43
32213 87711 1560416403 198
280889 29893 1560416403 16
115100 79226 1560416403 612
44578 29060 1560416403 29
307766 16602 1560416403 5
202389 25694 1560416403 63
196609 14581 1560416403 12
265349 98225 1560416403 70
193853 50732 1560416403 7
417790 108096 1560416403 18
339404 33437 1560416403 29
396748 70658 1560416403 25
431928 52668 1560416403 12
148004 31186 1560416403 78
319431 113008 1560416403 361
180870 29060 1560416403 51
120018 109976 1560416403 181
17716 106932 1560416403 98
40656 110120 1560416403 43
329152 68100 1560416403 17
397282 51878 1560416404 152
56196 101634 1560416404 22
366021 94520 1560416404 52
348725 17830 1560416404 605
89797 72259 1560416404 279
360938 36146 1560416404 52
402458 48081 1560416404 1768
240400 61271 1560416404 12
357695 61271 1560416404 62
110207 10511 1560416404 641
390484 111624 1560416404 75
267116 13385 1560416404 3
281232 45317 1560416404 181
252764 52348 1560416404 56
402686 29862 1560416404 22
76146 81771 1560416404 11
250269 22616 1560416404 3
431050 25729 1560416404 4
271970 29862 1560416404 27
323918 87711 1560416404 14
161959 98072 1560416404 45
186077 109976 1560416404 147
38035 33870 1560416404 104
163904 93859 1560416404 184
218126 113418 1560416405 5
268874 52320 1560416405 8
85970 27762 1560416405 3
127394 29060 1560416405 60
357404 111624 1560416405 7
245784 33870 1560416405 155
247301 29335 1560416405 8
21438 22616 1560416405 13
359581 84970 1560416405 528
302072 71858 1560416405 8
27476 29060 1560416405 38
4997 51878 1560416405 148
280271 18072 1560416405 69
422851 63739 1560416405 10
222748 76310 1560416405 9
252267 97417 1560416405 9
314921 70243 1560416405 23
208926 52668 1560416405 28
184577 32342 1560416405 46
2077 48081 1560416405 52
232172 99631 1560416405 107
259074 45317 1560416405 5
358942 87711 1560416405 12
197275 29946 1560416405 11
11177 16602 1560416405 28
147999 74594 1560416406 47
175455 94592 1560416406 53
435050 12644 1560416406 42
95838 93475 1560416406 1017
101178 30742 1560416406 139
187189 45317 1560416406 2
198722 68421 1560416406 350
404579 94592 1560416406 90
352766 23260 1560416406 52
396682 79226 1560416406 475
433511 29946 1560416406 602
71970 48622 1560416406 127
189839 112321 1560416406 178
38468 109976 1560416406 62
55602 109976 1560416406 611
315941 29063 1560416406 15
442416 97203 1560416406 534
239851 25729 1560416406 847
26869 93859 1560416406 137
110930 45317 1560416406 41
356792 31186 1560416407 102
317904 50556 1560416407 59
243728 29060 1560416407 1146
356680 25694 1560416407 84
43175 109976 1560416407 7
48614 106946 1560416407 15
303865 69391 1560416407 162
298567 80245 1560416407 119
359443 78874 1560416407 253
377980 38270 1560416407 163
315522 22616 1560416407 79
383442 48081 1560416407 39
164297 79374 1560416407 14
320589 36146 1560416407 75
441678 20959 1560416407 6
154196 8349 1560416407 13
319306 50732 1560416407 91
439904 94592 1560416407 15
119183 111624 1560416407 103
370795 109172 1560416408 58
159560 73563 1560416408 116
431961 91749 1560416408 263
207939 572 1560416408 1469
335018 109976 1560416408 14
176138 17005 1560416408 35
191171 96022 1560416408 86
286606 94592 1560416408 28
133748 70243 1560416408 27
118909 21879 1560416408 62
49974 17830 1560416408 1551
284317 94865 1560416408 0
420576 25729 1560416408 30
421549 29862 1560416408 6
29896 29060 1560416408 214
411638 69391 1560416408 94
111855 79226 1560416408 148
363392 91774 1560416408 12
139725 25057 1560416408 773
156152 112753 1560416408 39
293171 77677 1560416408 722
413828 27463 1560416409 679
311338 97179 1560416409 11
284317 13730 1560416409 1
13716 75391 1560416409 193
107867 105071 1560416409 207
215584 51878 1560416409 77
80795 15109 1560416409 7
126693 98072 1560416409 8
163526 80607 1560416409 234
341401 46939 1560416409 153
354406 79953 1560416409 5
409228 49531 1560416409 19
98088 21294 1560416409 274
100007 69391 1560416409 176
269449 52746 1560416409 54
55555 27749 1560416409 33
153557 48081 1560416409 34
136178 19454 1560416409 268
434722 49531 1560416409 376
242713 100725 1560416409 10
146810 8555 1560416409 4
442362 14581 1560416409 22
329062 17830 1560416409 7
26433 89671 1560416410 7
206385 102099 1560416410 228
275523 79953 1560416410 18
288636 63709 1560416410 5
192620 98072 1560416410 57
218126 30848 1560416410 1
385030 48081 1560416410 3
75910 14581 1560416410 37
215666 63739 1560416410 3
382128 45317 1560416410 2106
410114 109976 1560416410 138
257070 87711 1560416410 511
79622 18072 1560416410 43
246102 29060 1560416410 1261
284964 44160 1560416410 127
14277 13736 1560416410 55
319254 29862 1560416410 10
199724 98225 1560416410 79
404413 89671 1560416410 8
269409 102099 1560416410 102
203999 49531 1560416411 126
314902 29946 1560416411 28
410854 25057 1560416411 500
344589 25057 1560416411 357
358 102590 1560416411 442
5826 112321 1560416411 112
27939 63739 1560416411 17
136940 112321 1560416411 115
293216 78935 1560416411 26
431607 65289 1560416411 15
11183 49531 1560416411 15
282764 112382 1560416411 9
121116 63739 1560416411 8
207528 75391 1560416411 163
370281 25057 1560416411 14
113415 112382 1560416411 45
243865 52075 1560416411 234
320493 17830 1560416411 47
263572 97179 1560416411 868
113163 49531 1560416411 1310
101348 72259 1560416411 23
380279 109976 1560416411 251
10885 12644 1560416411 18
420586 113008 1560416412 28
230837 35556 1560416412 5
27817 24264 1560416412 227
119221 25057 1560416412 24
345447 24264 1560416412 199
334839 98072 1560416412 223
421763 33437 1560416412 15
323751 3818 1560416412 63
227828 54516 1560416412 137
208461 102590 1560416412 5
262868 46939 1560416412 4
334852 49531 1560416412 12
230988 52668 1560416412 12
161034 30513 1560416412 3
149484 17807 1560416412 23
369999 18072 1560416412 126
402297 572 1560416412 12
369956 71858 1560416412 21
260359 68421 1560416412 93
73115 98072 1560416412 50
114311 46939 1560416412 130
133101 27762 1560416412 4
171838 109976 1560416412 147
41604 6433 1560416412 93
429419 69391 1560416412 161
70270 109976 1560416412 214
171732 110494 1560416412 3
70423 94592 1560416412 133
58764 14581 1560416413 47
340889 5260 1560416413 12
107361 97417 1560416413 7
305531 22376 1560416413 46
237459 112321 1560416413 73
246183 69391 1560416413 371
396722 110120 1560416413 249
81485 95550 1560416413 30
215666 104938 1560416413 0
381934 112321 1560416413 23
149449 48081 1560416413 3
441678 24264 1560416413 30
226312 79953 1560416413 5
254957 68100 1560416413 575
244735 31775 1560416413 58
410027 25057 1560416413 43
347926 18072 1560416413 27
206488 17807 1560416413 6
62564 71382 1560416413 473
133272 69391 1560416413 7
435075 98225 1560416413 136
3615 77122 1560416413 43
18623 22616 1560416413 64
127669 22616 1560416413 68
178532 52668 1560416414 8
416385 572 1560416414 7
445059 97179 1560416414 43
366024 25057 1560416414 3
406497 25694 1560416414 62
255753 7376 1560416414 660
137195 48081 1560416414 2
232347 572 1560416414 24
90322 98072 1560416414 7
354406 84579 1560416414 8
195206 100852 1560416414 124
202303 69391 1560416414 188
241474 71858 1560416414 10
120285 3448 1560416414 132
417706 20959 1560416414 73
318608 109172 1560416414 11
252267 64186 1560416414 8
332422 64240 1560416414 272
209108 17830 1560416414 247
23856 49531 1560416414 47
422716 46939 1560416414 24
430230 70622 1560416414 237
392803 78274 1560416414 420
390486 109976 1560416414 57
205411 572 1560416414 7
16988 25057 1560416415 82
249906 17830 1560416415 68
127230 29862 1560416415 7
257026 52668 1560416415 3
271734 22616 1560416415 31
254758 69653 1560416415 35
69506 79226 1560416415 600
166476 95256 1560416415 25
85970 12644 1560416415 97
431928 63739 1560416415 2
302283 18072 1560416415 296
10223 12644 1560416415 25
351150 33870 1560416415 22
269542 17830 1560416415 439
170316 25057 1560416415 68
436066 17830 1560416415 252
294365 33437 1560416415 8
225288 80600 1560416415 76
161034 109172 1560416416 6
351205 105787 1560416416 52
298343 22131 1560416416 3
86683 71858 1560416416 223
233796 87711 1560416416 51
393513 108791 1560416416 5
421692 29862 1560416416 11
94740 71858 1560416416 4
409443 18072 1560416416 108
253484 27796 1560416416 316
160368 79953 1560416416 79
230745 10511 1560416416 3
176042 25057 1560416416 4
176331 28463 1560416416 7
145220 63709 1560416416 159
126017 14581 1560416416 10
5368 55212 1560416416 7
329062 109976 1560416416 26
387628 25057 1560416416 216
44532 27222 1560416416 3
137195 26309 1560416416 3
167693 20959 1560416416 9
129914 22616 1560416416 105
305534 106932 1560416416 101
125562 69391 1560416416 67
339523 46939 1560416416 19
267160 46531 1560416417 2777
362096 31128 1560416417 325
76916 87062 1560416417 7
147516 98225 1560416417 45
64374 29060 1560416417 143
444563 65289 1560416417 22
147872 28463 1560416417 7
425176 25557 1560416417 4
104978 110120 1560416417 219
300583 48081 1560416417 7
125346 79226 1560416417 2219
73862 22376 1560416417 29
423487 46939 1560416417 32
257776 68100 1560416417 168
306838 109976 1560416417 54
59832 101322 1560416417 106
228565 44943 1560416417 128
58109 69391 1560416417 13
74194 98072 1560416418 49
420333 96022 1560416418 531
357668 33870 1560416418 63
431436 25057 1560416418 57
410944 51878 1560416418 721
295553 93859 1560416418 363
414500 74594 1560416418 5
95024 110120 1560416418 23
244837 87711 1560416418 33
250269 75391 1560416418 33
185109 17830 1560416418 339
14266 106932 1560416418 94
358252 12644 1560416418 222
436865 111281 1560416418 99
236338 41943 1560416418 28
85520 13686 1560416418 201
407652 45317 1560416418 109
257026 29488 1560416419 3
177214 17830 1560416419 151
226312 35931 1560416419 284
437338 33437 1560416419 244
379044 45317 1560416419 95
39504 63739 1560416419 9
137214 80607 1560416419 36
200377 111624 1560416419 32
218400 31186 1560416419 5
409647 572 1560416419 15
207209 45317 1560416419 22
81808 109172 1560416419 89
333554 72259 1560416419 27
94677 22616 1560416419 127
84823 22616 1560416419 23
187552 112321 1560416419 113
72861 29893 1560416419 4
44149 50514 1560416419 41
201070 98072 1560416419 54
352594 65289 1560416419 21
424978 62523 1560416419 187
306163 14581 1560416419 7
132921 25729 1560416419 499
17610 109976 1560416419 84
130502 77487 1560416419 260
358641 45317 1560416419 72
385135 97179 1560416419 78
32495 80600 1560416420 158
316797 22376 1560416420 155
102608 46939 1560416420 59
182587 75434 1560416420 151
323123 50556 1560416420 76
33045 79374 1560416420 89
121116 35986 1560416420 6
351842 29862 1560416420 7
123955 49531 1560416420 532
161104 50556 1560416420 135
42148 48081 1560416420 40
233021 14581 1560416420 32
434542 31186 1560416420 66
344922 12198 1560416420 2
103686 45509 1560416420 1
149930 112321 1560416420 39
106028 76725 1560416420 0
81027 49628 1560416420 14
91501 25057 1560416420 397
80602 46939 1560416420 5
106028 24264 1560416420 1
254132 72259 1560416420 19
247393 3448 1560416421 7
406276 22616 1560416421 39
347378 109976 1560416421 126
152237 75986 1560416421 57
261741 74560 1560416421 13
104068 49531 1560416421 49
430448 75471 1560416421 41
92204 106946 1560416421 5
49695 25057 1560416421 190
257159 22616 1560416421 132
356940 14581 1560416421 73
119129 110120 1560416421 111
363392 108791 1560416421 3
1226 50556 1560416421 152
350453 45317 1560416421 58
76146 110363 1560416421 16
56668 38016 1560416422 63
105358 14581 1560416422 15
80415 49531 1560416422 138
213142 59598 1560416422 1053
251732 105584 1560416422 8
241473 38016 1560416422 69
385787 48081 1560416422 1088
179028 17499 1560416422 29
11186 45317 1560416422 632
408776 97179 1560416422 457
280892 12937 1560416422 0
315941 9293 1560416422 110
286742 80607 1560416422 36
327238 53424 1560416422 8
147776 10084 1560416422 19
5951 79374 1560416422 10
248476 33870 1560416422 62
225890 63739 1560416422 10
187673 38759 1560416422 154
439381 83728 1560416422 5
40698 89671 1560416422 5
72861 73507 1560416422 3
416385 27790 1560416422 13
148924 97179 1560416422 166
305419 69391 1560416422 112
124857 46931 1560416423 517
337604 42481 1560416423 54
424022 29946 1560416423 1
5368 76432 1560416423 2
16365 108096 1560416423 7
230699 112321 1560416423 4
23686 46939 1560416423 104
28303 22616 1560416423 47
271212 52668 1560416423 15
38671 102590 1560416423 564
407983 110083 1560416423 4
429879 27222 1560416424 8
191858 29946 1560416424 59
108563 44160 1560416424 138
154184 80607 1560416424 102
17684 97179 1560416424 8
61517 93859 1560416424 46
106375 29862 1560416424 8
115582 17830 1560416424 43
216781 17830 1560416424 316
276223 106946 1560416424 675
50767 94592 1560416424 66
366024 109976 1560416424 30
393513 75986 1560416424 39
297028 29946 1560416424 633
129078 3818 1560416424 17
288636 105071 1560416424 10
32759 61271 1560416424 69
388906 17830 1560416424 152
275406 50556 1560416424 141
123318 14924 1560416424 235
357628 112321 1560416424 119
12687 49531 1560416424 117
404138 51878 1560416424 118
80365 22131 1560416425 7
41071 85648 1560416425 83
258434 65065 1560416425 13
103686 102590 1560416425 8
170151 49531 1560416425 198
155646 108667 1560416425 3
187495 97179 1560416425 308
378676 112753 1560416425 6
170575 25694 1560416425 29
328999 93859 1560416425 81
130795 97179 1560416425 40
40982 54934 1560416425 48
112208 100852 1560416425 378
411129 17830 1560416425 218
257959 112321 1560416425 894
223561 29862 1560416425 2
410655 29862 1560416425 20
428364 98072 1560416425 50
436003 1358 1560416425 254
66721 93859 1560416425 79
427881 50556 1560416426 125
397200 52075 1560416426 84
59576 27762 1560416426 22
421985 14581 1560416426 34
295211 27463 1560416426 13
106028 69391 1560416426 134
134219 61271 1560416426 7
261783 52075 1560416426 76
411268 572 1560416426 330
329775 109976 1560416426 16
205238 52668 1560416426 5
432182 79953 1560416426 15
41382 22616 1560416426 55
131006 8555 1560416426 116
5368 17005 1560416426 1
82253 45317 1560416426 336
345409 20959 1560416426 66
415221 33437 1560416427 194
80714 111675 1560416427 41
5197 105574 1560416427 91
373066 71858 1560416427 47
143742 104616 1560416427 2
104709 63739 1560416427 23
49244 80607 1560416427 368
410312 109172 1560416427 5
158102 96022 1560416427 97
206843 98072 1560416427 46
397802 50556 1560416427 186
17655 68100 1560416427 95
422331 42481 1560416427 101
291702 35931 1560416427 27
424022 98225 1560416427 102
182499 14581 1560416427 36
5368 98072 1560416427 3
329102 94592 1560416427 129
333000 113008 1560416427 94
301941 48081 1560416427 7
299388 79226 1560416427 61
255411 25057 1560416427 47
128495 3891 1560416427 739
354991 49531 1560416427 49
240205 17499 1560416427 41
311211 102099 1560416427 22
281620 100725 1560416427 1019
140893 7962 1560416427 39
90322 109976 1560416427 152
371002 93859 1560416428 266
396818 109976 1560416428 271
23373 52075 1560416428 18
70014 98225 1560416428 287
366558 13736 1560416428 599
329999 17830 1560416428 1488
331364 98225 1560416428 246
430496 49628 1560416428 67
226161 87711 1560416428 403
82380 35118 1560416428 7
235236 45317 1560416428 75
408821 22616 1560416428 40
57603 48081 1560416428 34
209961 17807 1560416428 20
387953 66930 1560416428 128
445194 83596 1560416428 127
229222 89671 1560416428 2
162017 20838 1560416428 3
114544 96022 1560416428 21
138303 113008 1560416428 169
233444 97179 1560416429 119
330311 29060 1560416429 76
352231 106946 1560416429 63
321659 93859 1560416429 27
152893 65289 1560416429 14
421188 49531 1560416429 109
161667 46939 1560416429 172
131653 18072 1560416429 90
203120 46939 1560416429 25
424317 94592 1560416429 36
127334 66930 1560416429 5
161198 104902 1560416429 5
297277 44160 1560416429 144
350741 45317 1560416429 239
84302 12644 1560416429 202
350984 96022 1560416429 42
333437 46939 1560416429 96
112789 24264 1560416429 97
205238 101634 1560416429 6
113512 85648 1560416430 5
356857 109172 1560416430 52
330681 25057 1560416430 371
267116 46322 1560416430 82
50856 69391 1560416430 478
65504 66930 1560416430 12
66133 79226 1560416430 20
399278 98225 1560416430 135
229222 84579 1560416430 235
50864 48081 1560416430 39
72150 41705 1560416430 1401
416629 87711 1560416430 43
67920 12644 1560416430 14
173481 33870 1560416430 47
267594 18072 1560416430 1898
281582 111624 1560416431 16
386101 51878 1560416431 123
413367 65289 1560416431 26
385030 12644 1560416431 24
189707 109976 1560416431 36
45711 50514 1560416431 98
67573 67308 1560416431 5
72183 111624 1560416431 616
411186 80607 1560416431 45
161070 25729 1560416431 27
335753 69385 1560416431 4
73437 93859 1560416431 54
382821 93859 1560416431 15
266894 25057 1560416431 224
58109 98072 1560416431 8
126982 111675 1560416431 92
146862 110083 1560416431 5
323308 75449 1560416431 10
415988 31775 1560416431 15
111516 31128 1560416432 69
19835 81513 1560416432 50
251466 45317 1560416432 198
344922 505 1560416432 58
328974 69391 1560416432 48
397261 80607 1560416432 125
338984 24264 1560416432 74
314298 68717 1560416432 144
366989 27463 1560416432 20
41004 25729 1560416432 2
435070 102099 1560416432 215
111616 112753 1560416432 25
128270 103933 1560416432 209
162017 29862 1560416432 36
48159 109976 1560416432 73
444418 93859 1560416432 11
271970 74594 1560416432 94
219151 98072 1560416432 18
273777 93859 1560416432 59
414443 75449 1560416432 4
410312 30513 1560416432 453
367948 52668 1560416432 12
191872 17518 1560416432 9
96082 12644 1560416432 59
338814 77629 1560416432 38
106375 29021 1560416432 24
133725 65289 1560416432 76
5609 29862 1560416432 17
206488 89327 1560416433 19
205785 105071 1560416433 36
84367 69391 1560416433 73
403281 93859 1560416433 68
217604 71048 1560416433 112
87688 27222 1560416433 8
59665 97179 1560416433 177
366802 11621 1560416433 177
297180 44943 1560416433 80
425176 102099 1560416433 48
54451 97055 1560416433 73
354806 112321 1560416433 82
126096 34031 1560416433 24
396317 53424 1560416433 8
356476 29862 1560416433 30
445506 68421 1560416433 51
288651 29946 1560416433 1397
385578 106932 1560416433 411
249023 12644 1560416434 48
21438 68100 1560416434 20
382673 25057 1560416434 1181
122430 36146 1560416434 111
363255 31128 1560416434 369
276820 66930 1560416434 6
119115 25729 1560416434 65
39438 78986 1560416434 28
375737 22616 1560416434 114
308983 93859 1560416434 168
60539 45317 1560416434 32
254410 97179 1560416434 746
83135 41943 1560416434 16
171899 112321 1560416434 41
165837 94592 1560416434 374
68414 12644 1560416434 2190
113873 102099 1560416434 452
369818 106932 1560416434 7
352180 52668 1560416434 27
357155 14581 1560416434 49
415145 52501 1560416434 464
107804 106932 1560416434 50
92204 14581 1560416435 40
320638 72148 1560416435 143
269354 30848 1560416435 24
237763 48081 1560416435 42
22955 49531 1560416435 139
438273 96022 1560416435 67
422582 31128 1560416435 341
241750 27762 1560416435 725
374432 48081 1560416435 3
327578 94592 1560416435 65
262724 69391 1560416435 129
168208 109976 1560416435 107
409647 35556 1560416435 10
408675 18635 1560416435 944
360335 22616 1560416435 63
416631 44160 1560416436 194
302724 112753 1560416436 14
78165 79374 1560416436 119
410680 29862 1560416436 19
282539 46939 1560416436 128
304904 17499 1560416436 55
179739 9293 1560416436 83
199849 80600 1560416436 67
70200 572 1560416436 14
154192 27463 1560416436 4
165131 72148 1560416436 38
63910 29862 1560416436 4
32172 109172 1560416436 14
286606 33437 1560416436 533
226939 105787 1560416437 303
55174 61271 1560416437 101
218358 113418 1560416437 25
282573 50530 1560416437 304
342520 64443 1560416437 10
411499 51976 1560416437 319
287772 106932 1560416437 164
419643 109189 1560416437 236
445490 17830 1560416437 1759
118792 32730 1560416437 17
147872 111675 1560416437 69
232267 48081 1560416437 15
227783 87711 1560416437 112
40522 113418 1560416437 18
250960 49531 1560416437 74
26976 80607 1560416437 53
240650 49531 1560416437 1
129107 24264 1560416437 908
186201 4025 1560416437 54
118510 102099 1560416437 287
424032 33870 1560416437 95
323866 105787 1560416437 142
308472 46939 1560416438 26
241739 80607 1560416438 44
295965 27762 1560416438 14
292510 61700 1560416438 7
83979 94592 1560416438 12
438127 46939 1560416438 79
86291 109976 1560416438 19
357799 4025 1560416438 15
28046 78935 1560416438 147
336764 3818 1560416438 47
187762 52668 1560416438 1912
233234 72259 1560416438 1401
164538 111675 1560416438 261
164371 23260 1560416438 137
271698 25729 1560416438 11
48501 107633 1560416438 632
51137 14581 1560416438 40
385355 93859 1560416438 5
109316 79953 1560416438 9
373863 44160 1560416438 132
332658 17005 1560416438 4
283687 14581 1560416439 1132
294124 8349 1560416439 851
272270 74594 1560416439 234
314049 80607 1560416439 61
134865 109982 1560416439 107
5493 109976 1560416439 119
55266 109976 1560416439 3101
344872 97179 1560416439 100
196372 108998 1560416439 160
123287 80600 1560416439 104
438419 42481 1560416439 277
438339 46711 1560416439 31
274270 45317 1560416439 162
403244 22131 1560416439 17
40005 69391 1560416439 109
109873 79226 1560416439 16
223929 17005 1560416439 31
127969 87711 1560416439 41
320203 110083 1560416439 8
359041 57775 1560416439 22
419917 36146 1560416439 81
273521 112321 1560416439 72
297667 17830 1560416439 270
57411 69391 1560416439 62
141180 105574 1560416439 218
254132 20598 1560416439 52
159730 79226 1560416439 88
81269 103893 1560416439 1137
210853 105574 1560416440 255
18440 45317 1560416440 182
10147 69391 1560416440 425
57393 24264 1560416440 84
213105 46711 1560416440 62
312177 24264 1560416440 212
166476 11621 1560416440 982
90378 97179 1560416440 326
418557 104902 1560416440 55
54048 49531 1560416440 42
403008 29060 1560416440 110
261482 42481 1560416440 146
22259 572 1560416440 13
905 29862 1560416440 11
167967 17830 1560416440 623
241466 5159 1560416440 198
13492 8349 1560416441 27
67080 109976 1560416441 87
180861 61271 1560416441 69
337154 16054 1560416441 92
398556 29946 1560416441 41
319254 46939 1560416441 42
73763 100436 1560416441 62
57030 98072 1560416441 13
284505 65289 1560416441 4
59494 31128 1560416441 68
207545 48081 1560416441 21
6420 87711 1560416441 258
260562 50556 1560416441 36
161345 29060 1560416441 67
82239 38270 1560416441 76
298137 98225 1560416441 140
110544 69391 1560416441 283
135277 22616 1560416441 66
291989 61271 1560416441 18
91229 80607 1560416441 69
258115 110120 1560416441 228
386990 91397 1560416441 31
243210 54213 1560416442 2
97329 60853 1560416442 47
54536 29862 1560416442 17
228015 33437 1560416442 196
323822 16602 1560416442 16
163902 29862 1560416442 8
100222 86184 1560416442 614
273446 94592 1560416442 18
311999 85648 1560416442 113
368262 111624 1560416442 62
285970 102099 1560416442 1074
367064 110083 1560416442 13
147776 3818 1560416442 63
90289 17499 1560416442 222
240121 4025 1560416442 37
367896 87711 1560416442 54
161414 38016 1560416443 100
22857 61271 1560416443 40
62402 94592 1560416443 302
124006 29862 1560416443 13
209809 12644 1560416443 13
271327 49531 1560416443 124
162413 94592 1560416443 194
332582 17830 1560416443 45
40621 17499 1560416443 69
160730 76415 1560416443 206
135898 94592 1560416443 305
167693 79226 1560416443 162
332658 98072 1560416443 5
229995 65289 1560416443 76
121892 108667 1560416443 202
92647 112321 1560416443 1188
31091 12644 1560416443 29
345175 65289 1560416443 29
297191 17499 1560416443 40
209746 15109 1560416443 9
78653 3448 1560416443 14
147045 52668 1560416443 15
116926 44160 1560416444 181
61974 17830 1560416444 89
230625 84579 1560416444 3
176138 76432 1560416444 45
394576 112321 1560416444 30
266146 49531 1560416444 52
243210 25729 1560416444 25
378149 96022 1560416444 48
441678 52075 1560416444 90
288846 25729 1560416444 14
20914 29862 1560416444 20
76916 22616 1560416444 142
66298 29862 1560416444 781
76801 61640 1560416444 353
154301 106932 1560416444 87
325947 51878 1560416444 84
31302 24264 1560416444 24
60170 49531 1560416444 62
137250 31128 1560416444 104
329361 25057 1560416444 12
125253 29862 1560416444 5
25263 93859 1560416445 233
335018 110120 1560416445 76
376923 79953 1560416445 5
49400 51878 1560416445 74
67920 17499 1560416445 960
58156 49531 1560416445 262
135626 27762 1560416445 4
272268 6532 1560416445 64
354303 3448 1560416445 14
330924 96022 1560416445 56
281573 31186 1560416445 64
369956 25057 1560416445 690
208320 51878 1560416445 1428
17095 87711 1560416445 493
27664 61700 1560416445 325
102744 113008 1560416445 109
391571 56113 1560416445 14
292186 76310 1560416445 6
423572 75391 1560416445 264
291626 88078 1560416445 250
321635 41943 1560416445 185
417866 106932 1560416446 661
295802 109976 1560416446 44
282631 49338 1560416446 85
1139 26290 1560416446 14
387513 80607 1560416446 88
293301 63739 1560416446 339
125435 58997 1560416446 139
426817 93859 1560416446 177
387639 79374 1560416446 9
363274 83241 1560416446 19
260392 572 1560416446 20
178082 4025 1560416446 44
15419 109976 1560416446 222
125253 29021 1560416446 45
103365 29862 1560416446 12
276934 109976 1560416446 78
302070 33870 1560416446 28
355547 72259 1560416446 6
403244 82206 1560416446 8
115117 110120 1560416446 98
271698 94555 1560416446 123
280311 98225 1560416446 208
366554 22616 1560416446 61
206219 5260 1560416447 41
429443 42481 1560416447 47
271734 77122 1560416447 29
153439 17499 1560416447 65
205411 25057 1560416447 30
283653 18072 1560416447 228
432277 80607 1560416447 73
69336 109976 1560416447 112
120543 109976 1560416447 53
413360 79226 1560416447 71
267958 29946 1560416447 13
256615 63739 1560416447 31
61592 49531 1560416447 61
55286 72259 1560416447 14
136968 22616 1560416447 2
207012 24264 1560416448 122
21968 112753 1560416448 35
408920 104902 1560416448 12
111169 81984 1560416448 8
55994 29862 1560416448 9
227283 45317 1560416448 882
440546 33870 1560416448 68
309647 44160 1560416448 188
200780 87711 1560416448 266
67819 48081 1560416448 32
303872 112753 1560416448 17
429811 17830 1560416448 319
158383 18072 1560416448 85
418519 36146 1560416448 130
389160 89671 1560416448 3175
44578 27771 1560416448 23
180335 34472 1560416448 14
128792 112321 1560416449 19
117214 20959 1560416449 74
434668 79953 1560416449 16
64230 63739 1560416449 9
40493 19962 1560416449 85
331358 45317 1560416449 176
357028 18635 1560416449 113
121372 18072 1560416449 71
82686 33870 1560416449 59
115805 22616 1560416449 31
302846 25729 1560416449 28
420586 85648 1560416449 8
48514 89509 1560416449 8
323918 112321 1560416449 209
193908 25729 1560416449 66
354292 45317 1560416449 659
52990 109976 1560416449 130
103032 29862 1560416449 5
286252 81984 1560416449 108
153797 71858 1560416449 12
376381 97179 1560416449 179
88756 79953 1560416449 13
57075 27463 1560416450 21
7711 36146 1560416450 34
416258 75449 1560416450 41
201180 39680 1560416450 9
169066 31128 1560416450 207
30156 29862 1560416450 11
151096 97179 1560416450 336
347602 31186 1560416450 76
255124 72259 1560416450 42
245530 27749 1560416450 360
256894 110120 1560416450 124
399461 97055 1560416450 129
331341 102791 1560416450 4
392760 20959 1560416450 20
375619 25057 1560416450 375
342388 22616 1560416450 100
189567 79953 1560416450 21
313905 33870 1560416450 589
36459 29946 1560416450 222
326088 90155 1560416450 220
93285 44160 1560416451 280
350383 97055 1560416451 78
434885 50556 1560416451 185
108427 23260 1560416451 1108
254758 27696 1560416451 97
419039 65289 1560416451 44
237879 10084 1560416451 37
436231 80607 1560416451 60
111169 74556 1560416451 5
155646 38016 1560416451 22
200584 25694 1560416451 91
161620 17830 1560416451 393
114922 75434 1560416451 193
329152 75391 1560416451 441
432823 27463 1560416451 5
241474 14581 1560416451 74
240722 79374 1560416451 686
224831 83241 1560416451 27
61307 102590 1560416451 13
425112 17499 1560416452 94
392476 27771 1560416452 38
137195 109976 1560416452 6
337514 112321 1560416452 19
404799 109153 1560416452 259
211646 15109 1560416452 20
74173 98072 1560416452 15
126738 105574 1560416452 44
280910 48362 1560416452 8
402073 81164 1560416452 435
428220 25694 1560416452 54
189403 3448 1560416452 566
21565 63739 1560416452 9
184577 51878 1560416452 33
148480 52668 1560416452 29
442486 17499 1560416452 21
185908 18072 1560416452 76
319779 472 1560416452 178
299529 80607 1560416452 132
291755 17830 1560416452 69
292513 98072 1560416452 47
222664 33870 1560416452 40
301066 38759 1560416452 35
147028 17830 1560416453 174
437520 52668 1560416453 8
178082 31186 1560416453 9
37136 53153 1560416453 13
6629 69391 1560416453 217
198189 61700 1560416453 103
143941 44943 1560416453 9
103032 69340 1560416453 3
371224 27222 1560416453 606
36631 49531 1560416453 108
331341 20598 1560416453 4
34508 572 1560416453 15
150135 50556 1560416453 56
123673 50732 1560416453 53
17684 106932 1560416453 92
195347 102105 1560416454 25
367212 111675 1560416454 40
65519 108505 1560416454 287
316483 25694 1560416454 39
155549 17499 1560416454 98
342439 53697 1560416454 90
165006 81254 1560416454 8
403862 12644 1560416454 67
181948 22131 1560416454 47
150986 45509 1560416454 145
91184 75198 1560416454 64
404413 91774 1560416454 26
364501 98225 1560416454 365
60464 17807 1560416454 14
291702 48362 1560416454 466
209961 49531 1560416454 449
431607 42481 1560416454 99
3790 22616 1560416454 4
366989 96022 1560416455 163
356566 12695 1560416455 20
172851 25057 1560416455 753
44532 22616 1560416455 832
315083 110120 1560416455 331
279657 106932 1560416455 91
154196 25057 1560416455 781
369325 68100 1560416455 291
278399 93859 1560416455 12
118792 59196 1560416455 179
64230 2572 1560416455 1
210047 71382 1560416455 441
75183 572 1560416455 10
251485 29862 1560416455 13
235734 29946 1560416455 384
161523 68717 1560416455 81
57786 46939 1560416455 135
76821 14581 1560416455 79
174434 50556 1560416455 105
221674 52791 1560416455 34
244837 93859 1560416455 53
105358 65289 1560416455 21
277911 33870 1560416455 219
5550 68100 1560416455 394
209809 18072 1560416456 6
190410 27463 1560416456 38
158582 12937 1560416456 124
19232 17005 1560416456 22
429764 109279 1560416456 87
11260 23018 1560416456 15
133748 81979 1560416456 56
281540 43118 1560416456 15
297769 69391 1560416456 232
107003 98072 1560416456 67
267661 100111 1560416456 157
143084 3448 1560416456 14
75910 25057 1560416456 541
297871 29862 1560416456 4
339523 93859 1560416456 130
145334 113008 1560416456 121
146810 29946 1560416456 9
29224 17499 1560416456 30
371272 80607 1560416456 372
13377 29946 1560416456 7
439043 78274 1560416457 200
106529 25729 1560416457 402
417252 69391 1560416457 344
396317 109976 1560416457 42
403064 102590 1560416457 40
120078 8349 1560416457 31
21741 81164 1560416457 53
71816 70784 1560416457 19
277102 24264 1560416457 109
333276 23260 1560416457 108
251147 31128 1560416457 70
300132 93859 1560416457 148
282123 106932 1560416457 181
404700 25057 1560416457 2487
133448 12644 1560416457 4
370281 106932 1560416457 17
184169 5260 1560416457 13
122096 80607 1560416457 224
144493 44160 1560416457 278
39438 98225 1560416457 39
97782 80607 1560416457 646
302400 25057 1560416457 184
264601 12644 1560416457 55
235208 33437 1560416458 45
413367 49531 1560416458 1488
445004 31128 1560416458 25
402602 69391 1560416458 224
120452 50556 1560416458 98
111934 112321 1560416458 241
392140 98072 1560416458 13
194092 25729 1560416458 26
197936 8709 1560416458 10
96032 22131 1560416458 260
106257 96022 1560416458 80
94934 48081 1560416458 128
170157 29946 1560416458 19
212785 33914 1560416458 2
68737 66930 1560416458 5
419760 31128 1560416458 49
407322 14581 1560416459 880
326862 74479 1560416459 19
264986 46711 1560416459 45
344221 16054 1560416459 151
219302 17499 1560416459 235
109928 80607 1560416459 4279
405153 80600 1560416459 88
224394 109976 1560416459 504
32172 66050 1560416459 11
65613 3818 1560416459 88
222748 12937 1560416459 42
221674 110120 1560416459 5
230625 5324 1560416459 3
391571 30239 1560416459 109
275354 65921 1560416459 112
112236 79226 1560416459 18
410810 17499 1560416459 48
163332 106932 1560416459 107
305531 112382 1560416459 7
351574 45509 1560416459 15
263927 48081 1560416459 99
416105 45317 1560416459 165
340890 75449 1560416459 18
240915 29862 1560416460 4
438931 110120 1560416460 41
174596 69391 1560416460 1696
271873 106946 1560416460 66
268118 29060 1560416460 84
184913 39680 1560416460 11
47428 112321 1560416460 32
178225 72259 1560416460 21
201782 97179 1560416460 274
433963 97179 1560416460 226
424999 108791 1560416460 4
331035 69765 1560416460 174
323451 63739 1560416460 8
225890 5124 1560416460 4
127858 32170 1560416460 38
252764 25694 1560416460 67
148448 12644 1560416460 80
145201 25057 1560416460 80
58764 74594 1560416460 63
314921 25694 1560416460 31
288544 29862 1560416460 5
421549 77629 1560416460 67
343290 75014 1560416461 24
189106 106558 1560416461 16
73377 109976 1560416461 151
305780 110083 1560416461 0
203632 44943 1560416461 76
37985 17830 1560416461 237
298302 27463 1560416461 10
321760 17499 1560416461 25
98428 79226 1560416461 92
155548 27463 1560416461 6
323515 110083 1560416461 5
359655 31128 1560416461 123
337216 51950 1560416461 116
232267 42481 1560416461 46
361596 572 1560416461 96
193295 22616 1560416461 26
432005 33437 1560416461 61
194845 3448 1560416461 10
186236 110120 1560416461 51
287929 29862 1560416461 32
114544 105574 1560416461 142
338764 24264 1560416461 120
261250 45317 1560416461 35
223449 12644 1560416461 122
143653 51878 1560416461 151
208786 46939 1560416462 27
399159 45317 1560416462 131
128905 44160 1560416462 11
253159 96570 1560416462 561
222401 112321 1560416462 24
382378 14581 1560416462 29
52869 108096 1560416462 227
378365 89671 1560416462 722
162115 109976 1560416462 158
197095 97208 1560416462 83
328549 38500 1560416462 25
320843 29862 1560416462 11
192182 29862 1560416462 18
105444 27463 1560416462 3
304094 101648 1560416462 124
290670 48362 1560416462 239
91983 94592 1560416462 404
99267 50514 1560416462 75
137214 17830 1560416462 57
225890 102791 1560416462 7
319303 96022 1560416462 86
283102 80600 1560416462 110
352766 71382 1560416462 36
160685 25729 1560416462 13
187104 25729 1560416463 170
299407 49531 1560416463 32
197322 109976 1560416463 673
13377 68100 1560416463 11
180335 109976 1560416463 103
173472 572 1560416463 302
410655 68100 1560416463 100
22113 27463 1560416463 15
370134 25729 1560416463 7
302305 52668 1560416463 13
431113 38016 1560416463 59
94806 74329 1560416463 210
209809 24264 1560416463 3
207545 97417 1560416463 24
179109 75139 1560416463 47
75324 106946 1560416463 94
287429 49531 1560416463 77
40424 110120 1560416463 113
204132 65289 1560416463 1387
435820 52668 1560416463 12
80760 12644 1560416463 45
165006 25729 1560416463 19
275134 17499 1560416464 3157
366024 14581 1560416464 86
242032 46939 1560416464 94
26390 96022 1560416464 59
363885 22616 1560416464 4
283940 25729 1560416464 20
365071 52668 1560416464 31
299963 69391 1560416464 260
5623 109976 1560416464 182
166745 22616 1560416464 5
225714 14581 1560416464 23
282554 38270 1560416464 75
154891 72259 1560416464 16
23979 35872 1560416464 60
66309 23260 1560416464 282
400170 80607 1560416464 36
71273 4994 1560416464 95
323451 11443 1560416464 4
155548 80780 1560416464 4
41911 105574 1560416464 348
140973 42481 1560416464 94
196958 96022 1560416464 166
406276 51878 1560416464 54
205845 110083 1560416464 4
374540 94592 1560416464 70
135626 65289 1560416464 39
396571 87711 1560416464 176
340099 112753 1560416464 15
154356 42481 1560416464 115
435140 89509 1560416464 9
194210 106932 1560416465 173
229738 25729 1560416465 29
426760 96022 1560416465 40
130260 77644 1560416465 4
221520 18072 1560416465 5
119718 22616 1560416465 22
259124 110120 1560416465 182
140121 93859 1560416465 33
320198 50514 1560416465 1503
70042 72259 1560416465 17
87538 68100 1560416465 119
254151 45317 1560416465 20
149484 27762 1560416465 21
354889 24264 1560416465 114
424997 89671 1560416465 3
221674 44160 1560416465 5
205483 48081 1560416466 32
23373 49628 1560416466 62
384382 29060 1560416466 54
347589 93859 1560416466 78
278867 52668 1560416466 448
322072 87711 1560416466 127
48514 17499 1560416466 97
55182 89509 1560416466 37
255566 80600 1560416466 289
183808 50732 1560416466 197
260688 45317 1560416466 105
369011 89671 1560416466 10
38514 8349 1560416466 34
251379 48362 1560416466 626
316038 52209 1560416466 100
166135 49531 1560416467 70
443567 81984 1560416467 480
22113 20833 1560416467 3
205686 44943 1560416467 7
12595 24264 1560416467 66
229423 50556 1560416467 181
196462 31186 1560416467 67
95024 33437 1560416467 54
432951 89509 1560416467 100
121950 22616 1560416467 18
65289 44160 1560416467 163
289205 25057 1560416467 454
227838 46939 1560416467 154
306598 38016 1560416467 129
23592 33437 1560416467 157
226065 96022 1560416467 42
50625 31128 1560416467 113
398224 106932 1560416467 49
354475 72148 1560416467 1
209809 33437 1560416467 65
74194 17005 1560416467 34
182575 33870 1560416467 214
177537 109976 1560416467 48
4737 109976 1560416467 168
304554 60590 1560416468 30
354053 14581 1560416468 12
97600 61700 1560416468 96
288464 26915 1560416468 71
130576 87062 1560416468 8
364738 29060 1560416468 80
37937 18072 1560416468 206
345072 5260 1560416468 18
86935 106946 1560416468 67
5368 45317 1560416468 56
238124 50556 1560416469 102
141069 37028 1560416469 73
387189 52348 1560416469 42
413996 97179 1560416469 60
296424 112321 1560416469 18
89913 62571 1560416469 51
36595 14581 1560416469 32
189536 113418 1560416469 14
97525 66930 1560416469 12
189130 25064 1560416469 115
236336 24264 1560416469 255
283636 69391 1560416469 143
63425 17830 1560416469 217
54665 69108 1560416469 167
348584 49531 1560416469 175
109873 27762 1560416469 2
251424 94592 1560416469 420
158575 46711 1560416469 5
38528 28463 1560416469 20
11919 25694 1560416469 35
304698 93859 1560416469 163
366302 17807 1560416469 21
206960 14581 1560416469 20
395159 96022 1560416470 32
339870 3818 1560416470 24
223929 76432 1560416470 0
136573 102099 1560416470 106
45261 29862 1560416470 11
303042 96022 1560416470 20
207596 29060 1560416470 38
267958 50514 1560416470 23
367902 87738 1560416470 115
57030 49531 1560416470 56
130260 53424 1560416470 7
292357 572 1560416470 13
29788 106946 1560416470 44
330491 48081 1560416470 9
239424 22616 1560416470 142
94295 17499 1560416470 83
124611 29060 1560416470 59
327860 17830 1560416471 825
29845 29862 1560416471 18
151565 69391 1560416471 53
301598 100113 1560416471 190
441079 36146 1560416471 104
223929 98072 1560416471 6
7848 72259 1560416471 1807
48614 25729 1560416471 19
345027 45317 1560416471 88
356980 93859 1560416471 131
157848 24264 1560416471 146
299904 106932 1560416471 29
85292 109982 1560416471 744
142570 22376 1560416471 92
408164 97055 1560416471 102
232141 12644 1560416471 74
106524 22616 1560416471 38
404003 85648 1560416471 97
103824 59370 1560416471 1216
55286 22131 1560416472 5
410333 3818 1560416472 23
244694 99638 1560416472 77
298301 113008 1560416472 124
281275 49531 1560416472 50
94740 20959 1560416472 34
194135 97055 1560416472 83
392088 96022 1560416472 46
166970 97179 1560416472 210
424280 68100 1560416472 98
113244 62523 1560416472 219
255091 23428 1560416472 84
230625 39680 1560416473 3
205965 36146 1560416473 43
48002 72259 1560416473 13
328395 82398 1560416473 1135
368700 109976 1560416473 122
334171 24264 1560416473 76
376287 33870 1560416473 101
256307 109976 1560416473 14
137399 93859 1560416473 263
71169 98225 1560416473 152
201070 17005 1560416473 34
166201 97055 1560416473 21
209862 22616 1560416473 72
190919 97055 1560416473 67
424630 22616 1560416473 36
26691 51878 1560416473 139
167697 97179 1560416473 101
7384 75434 1560416473 22
33297 113008 1560416473 90
400269 106932 1560416473 19
100443 22616 1560416474 86
286910 18072 1560416474 50
122377 1352 1560416474 30
13619 18810 1560416474 611
157133 14581 1560416474 8
18648 29862 1560416474 11
131541 105029 1560416474 3
119449 3448 1560416474 4
16189 97055 1560416474 1717
193998 52075 1560416474 35
286898 29060 1560416474 10
288301 52348 1560416474 18
124081 82354 1560416474 168
392150 29862 1560416474 15
90996 50556 1560416474 47
297947 93859 1560416474 123
78291 8555 1560416474 11
383518 109279 1560416474 28
343898 572 1560416474 8
216807 63739 1560416474 253
73862 33870 1560416474 16
147824 29862 1560416474 49
149276 15109 1560416474 16
74575 17807 1560416474 10
52493 108791 1560416474 9
323308 20959 1560416474 16
241090 25729 1560416474 16
68949 18072 1560416475 6
41826 29060 1560416475 27
232347 109976 1560416475 96
13377 112321 1560416475 97
108753 68100 1560416475 33
155518 82354 1560416475 178
410027 112321 1560416475 27
120891 98072 1560416475 4
429537 33870 1560416475 71
200617 109976 1560416475 52
3642 44160 1560416475 298
260349 89671 1560416475 24
273311 79953 1560416475 613
309642 106932 1560416475 30
333260 50556 1560416475 29
54573 72148 1560416475 133
92560 79953 1560416475 22
391183 61271 1560416475 76
214160 22616 1560416475 39
354303 14914 1560416475 1068
31558 100725 1560416475 104
181698 49531 1560416475 29
98596 109172 1560416475 35
44767 52746 1560416475 381
435820 29021 1560416475 8
187331 52668 1560416476 132
414954 61271 1560416476 62
258353 22616 1560416476 45
375898 61700 1560416476 47
60464 33870 1560416476 62
121116 69945 1560416476 225
318336 17830 1560416476 198
83449 64982 1560416476 54
434034 49531 1560416476 44
174861 25064 1560416476 1003
301519 69391 1560416476 1834
411139 27762 1560416476 10
370859 79953 1560416476 275
358934 29862 1560416476 22
60792 68067 1560416476 796
257446 29862 1560416477 20
229074 44160 1560416477 123
269593 89671 1560416477 86
182366 31186 1560416477 4
347620 79374 1560416477 611
305897 63739 1560416477 40
230625 27463 1560416477 11
417790 106946 1560416477 13
389718 97179 1560416477 17
275561 25057 1560416477 196
39516 68100 1560416477 100
365836 94592 1560416477 28
189106 4074 1560416477 63
268874 52915 1560416477 41
279787 29862 1560416477 23
172043 25694 1560416477 66
22003 3818 1560416477 125
72768 33870 1560416477 71
8030 106932 1560416477 10
342002 17499 1560416477 214
20447 112321 1560416478 247
330216 33437 1560416478 33
29058 36146 1560416478 50
407921 36925 1560416478 180
197820 24264 1560416478 73
327613 45509 1560416478 43
414896 25057 1560416478 1321
137195 41943 1560416478 2
172600 25729 1560416478 14
205211 100852 1560416478 93
59143 80607 1560416478 187
213881 31528 1560416478 32
437520 46939 1560416478 9
371326 31186 1560416478 94
249617 45317 1560416478 170
284322 25694 1560416478 80
377501 72259 1560416478 10
213971 104547 1560416478 24
328473 50514 1560416478 356
121128 97055 1560416478 44
278399 12644 1560416478 8
88514 17830 1560416478 9
23856 39290 1560416478 247
35445 111624 1560416479 39
256543 62869 1560416479 2420
260349 84579 1560416479 21
312748 69391 1560416479 251
419248 97179 1560416479 79
192804 80600 1560416479 49
194845 87711 1560416479 158
196464 14581 1560416479 66
424688 72259 1560416479 10
398943 106932 1560416479 135
340099 59598 1560416479 6
411139 1085 1560416479 4
109417 106932 1560416479 253
330491 38216 1560416479 1
365298 110083 1560416479 16
187394 67671 1560416479 90
431656 112321 1560416479 12
191813 89294 1560416479 643
419399 97179 1560416479 1541
44454 25729 1560416479 130
378423 24264 1560416479 71
165953 17499 1560416479 44
443976 102590 1560416480 2
19870 49531 1560416480 121
122483 25057 1560416480 26
95643 17830 1560416480 30
439728 8349 1560416480 37
191786 13736 1560416480 431
152120 87711 1560416480 50
221390 44160 1560416480 11
367361 31186 1560416480 93
292091 572 1560416480 50
101330 66930 1560416480 36
16745 112321 1560416480 40
23309 106932 1560416480 66
221184 97179 1560416480 589
233732 50732 1560416480 552
423691 93859 1560416480 139
16421 97179 1560416480 12
409891 102099 1560416480 278
195347 56631 1560416480 31
389037 27222 1560416480 14
305422 61700 1560416480 52
27108 69391 1560416480 184
48929 46531 1560416480 68
130576 104282 1560416480 4
432823 44160 1560416480 35
126017 29862 1560416480 6
235582 25694 1560416480 189
266483 8862 1560416481 107
291396 109976 1560416481 229
302305 97179 1560416481 6
127969 98225 1560416481 93
57110 1352 1560416481 4
40359 72148 1560416481 45
354053 67308 1560416481 37
402187 45317 1560416481 255
417353 100725 1560416481 380
380260 17499 1560416481 104
380529 29021 1560416481 23
234459 113418 1560416481 17
302070 36146 1560416481 72
161070 14581 1560416481 10
141843 45317 1560416481 95
52423 50556 1560416481 112
178225 104938 1560416481 1177
410341 77122 1560416481 339
103152 93859 1560416481 88
228977 24264 1560416481 88
335627 107308 1560416481 607
418084 29060 1560416482 189
313619 93859 1560416482 398
148004 4025 1560416482 5
341916 43177 1560416482 7
41894 89509 1560416482 38
93681 112321 1560416482 19
139283 52668 1560416482 8
382490 96022 1560416482 16
22470 45317 1560416482 58
130260 52746 1560416482 67
182035 48081 1560416482 7
129078 68421 1560416482 12
431331 24350 1560416482 7
319145 33437 1560416482 1157
270682 45317 1560416482 283
82644 105574 1560416482 287
276100 22616 1560416482 71
86524 24264 1560416482 91
431052 105724 1560416482 34
351050 48081 1560416482 22
394576 109976 1560416483 2846
356857 69945 1560416483 8
256887 50556 1560416483 65
278897 73079 1560416483 96
108646 45317 1560416483 37
61577 29862 1560416483 30
412644 93859 1560416483 333
39848 17005 1560416483 84
152237 95625 1560416483 2
260660 112321 1560416483 39
19835 45317 1560416483 1
389037 46489 1560416483 6
417502 75806 1560416483 3
383124 14581 1560416483 466
286742 110120 1560416483 1090
95870 33870 1560416483 80
360938 109151 1560416483 85
198499 71858 1560416483 5
127230 79953 1560416483 9
61575 52075 1560416483 93
32289 50556 1560416483 78
127345 14581 1560416484 37
60539 49531 1560416484 119
433593 16602 1560416484 103
152133 26915 1560416484 4
324447 72259 1560416484 479
170316 101875 1560416484 87
38816 89671 1560416484 11
146695 17499 1560416484 226
427068 105749 1560416484 13
324047 76310 1560416484 12
382095 79226 1560416484 1164
164692 79226 1560416484 32
86291 51878 1560416484 77
284574 98072 1560416484 48
297191 38759 1560416484 616
258217 75449 1560416485 14
116203 63739 1560416485 29
348541 24264 1560416485 80
101674 46939 1560416485 7
113801 74594 1560416485 115
282357 62869 1560416485 101
414398 22131 1560416485 412
298262 94592 1560416485 8
205686 75449 1560416485 19
240770 29862 1560416485 477
122798 45317 1560416485 82
109891 69391 1560416485 278
326862 75185 1560416485 6
284675 29862 1560416485 76
374431 79226 1560416486 284
412708 48362 1560416486 7
426387 29060 1560416486 65
162017 110120 1560416486 15
129285 91036 1560416486 33
222589 106946 1560416486 69
34508 25057 1560416486 90
240737 46743 1560416486 272
107089 77122 1560416486 1330
86148 44456 1560416486 338
116675 48362 1560416486 104
166488 29862 1560416486 26
57110 17499 1560416486 126
113415 89327 1560416486 15
283015 105071 1560416486 155
192571 75449 1560416486 15
417502 110494 1560416486 22
146872 17830 1560416486 91
184577 109976 1560416486 226
354991 17830 1560416486 219
287395 110120 1560416486 35
340890 109976 1560416486 211
370134 69391 1560416487 303
342666 29060 1560416487 24
428205 97179 1560416487 133
389730 98072 1560416487 11
378514 48081 1560416487 28
198499 43118 1560416487 1
193295 109976 1560416487 86
33740 50514 1560416487 73
107361 71858 1560416487 16
24008 80600 1560416487 25
356566 79226 1560416487 797
301066 109279 1560416487 26
278247 30430 1560416487 7
399703 106932 1560416487 587
115582 24264 1560416487 36
298302 98072 1560416487 6
101330 73051 1560416487 4
304025 75449 1560416487 53
357695 46939 1560416487 55
302305 102791 1560416487 6
217271 14581 1560416487 14
105115 49531 1560416487 75
269449 41705 1560416488 28
243971 98225 1560416488 74
217217 52746 1560416488 61
21517 80607 1560416488 145
245159 79226 1560416488 36
73115 40751 1560416488 108
343455 96022 1560416488 115
243242 97179 1560416488 8
56148 18072 1560416488 132
387651 63739 1560416488 36
329361 31128 1560416488 14
22516 46939 1560416488 108
50864 69391 1560416488 185
143999 17830 1560416488 1076
368561 30430 1560416488 75
291705 112321 1560416488 187
168931 69391 1560416488 200
200609 14581 1560416488 3
248284 25729 1560416488 7
311211 113008 1560416488 26
23641 72259 1560416488 21
206621 24264 1560416489 53
371760 72259 1560416489 42
199724 102099 1560416489 363
150673 14581 1560416489 70
66532 17465 1560416489 23
51997 16602 1560416489 9
208698 80607 1560416489 414
158135 68717 1560416489 165
282919 14581 1560416489 1116
388404 97179 1560416489 99
219304 112321 1560416489 72
373384 80607 1560416489 351
293125 105574 1560416489 1721
289681 88078 1560416489 82
383642 71084 1560416489 118
119359 93859 1560416489 184
292357 51878 1560416489 59
12882 108778 1560416489 238
389754 14581 1560416489 180
359090 50530 1560416489 257
329303 113008 1560416489 44
102868 6532 1560416489 4
314826 112321 1560416489 6
143439 45317 1560416489 65
324142 74594 1560416489 12
411968 12644 1560416489 84
114723 105071 1560416489 112
213400 93859 1560416489 33
169556 33437 1560416489 525
109316 65289 1560416490 12
303042 28595 1560416490 105
195703 29862 1560416490 15
422309 97179 1560416490 8
97637 69765 1560416490 114
28933 96022 1560416490 126
184169 40043 1560416490 15
250808 81980 1560416490 76
444249 105724 1560416490 192
58623 112753 1560416490 34
269354 68421 1560416490 124
157932 572 1560416490 15
93856 15109 1560416490 8
267141 18072 1560416490 92
395275 58997 1560416490 550
355547 29862 1560416490 119
235588 36146 1560416490 264
104709 113008 1560416490 213
176138 55212 1560416490 77
255123 27463 1560416490 35
122599 24264 1560416490 116
412556 110120 1560416490 61
71541 24264 1560416491 85
219091 112321 1560416491 32
228016 97179 1560416491 101
154804 71382 1560416491 101
182601 5119 1560416491 2
402122 93859 1560416491 36
356857 31112 1560416491 80
292186 29060 1560416491 20
281953 72259 1560416491 16
128668 48081 1560416491 13
193273 48855 1560416491 59
16298 29862 1560416491 4
179570 64101 1560416491 28
341845 15109 1560416491 12
445506 22616 1560416491 42
146810 31128 1560416491 93
186201 108024 1560416491 1
107804 14581 1560416491 35
93194 109976 1560416491 142
382378 112321 1560416492 60
11731 109976 1560416492 40
333514 98072 1560416492 74
271703 93859 1560416492 71
281719 109172 1560416492 13
86436 38270 1560416492 14
63910 97179 1560416492 21
221378 75449 1560416492 14
25156 62523 1560416492 158
30393 31443 1560416492 188
362741 29862 1560416492 359
435299 45317 1560416492 84
290095 15109 1560416492 5
334369 79226 1560416492 323
6214 17830 1560416492 105
26373 22616 1560416492 12
317779 79226 1560416492 283
370248 18072 1560416492 37
175455 112321 1560416492 207
329017 109976 1560416492 70
374680 93859 1560416492 1520
28808 110083 1560416492 4
158575 50732 1560416492 69
206843 97179 1560416492 245
351879 77629 1560416492 102
238034 68100 1560416492 53
101674 13736 1560416493 11
288301 10760 1560416493 117
163976 112321 1560416493 111
219151 73563 1560416493 27
358942 110120 1560416493 749
31713 69391 1560416493 159
100193 52746 1560416493 202
385277 33870 1560416493 30
280173 69391 1560416493 420
116307 23018 1560416493 1
143084 111624 1560416493 7
186201 31186 1560416493 6
420431 51878 1560416493 72
316483 113008 1560416493 112
242703 105574 1560416493 86
213358 44160 1560416494 630
427068 35931 1560416494 54
16104 17499 1560416494 49
225288 52075 1560416494 82
105453 29862 1560416494 5
176400 44160 1560416494 101
399948 38270 1560416494 63
329965 10511 1560416494 66
39055 33437 1560416494 119
389641 111675 1560416494 786
135415 109976 1560416494 226
160471 18072 1560416494 295
108628 17499 1560416494 111
571 27463 1560416494 26
8496 45317 1560416494 113
80602 17830 1560416494 27
399905 65289 1560416494 18
368000 29862 1560416494 22
294425 27463 1560416494 240
106617 93859 1560416494 48
118437 106932 1560416494 52
45537 17499 1560416494 98
223422 31186 1560416494 52
390582 33870 1560416494 308
286898 19398 1560416494 48
3275 109976 1560416494 195
374496 77629 1560416495 247
348474 25729 1560416495 10
217973 112321 1560416495 33
163972 7242 1560416495 29
343501 94592 1560416495 34
277038 113008 1560416495 73
294976 22267 1560416495 267
233796 25057 1560416495 59
81119 68717 1560416495 266
275523 42481 1560416495 50
166890 105574 1560416495 164
275972 106946 1560416495 329
40982 89671 1560416495 8
326917 36146 1560416495 158
357886 49531 1560416495 75
161267 48081 1560416495 26
250808 79226 1560416495 20
226258 45317 1560416495 101
291487 102099 1560416495 79
240400 35148 1560416495 41
83349 80268 1560416496 84
214932 17830 1560416496 5
143227 72259 1560416496 313
406490 66930 1560416496 16
332101 93859 1560416496 32
49959 50556 1560416496 98
61022 97179 1560416496 227
244916 69391 1560416496 115
172801 44943 1560416496 395
262004 69301 1560416496 45
236845 52668 1560416496 15
205238 106932 1560416496 101
91506 52075 1560416496 88
423058 49531 1560416496 31
281719 38216 1560416496 638
200609 112321 1560416496 475
326974 110500 1560416497 240
39849 28656 1560416497 129
333167 45317 1560416497 219
208332 25057 1560416497 101
202329 98225 1560416497 182
366398 29862 1560416497 17
341916 109976 1560416497 64
305542 22616 1560416497 154
352793 72259 1560416497 13
385154 29862 1560416497 465
51093 79953 1560416497 10
243242 45317 1560416497 210
430228 97179 1560416497 192
274020 63739 1560416497 300
150256 25729 1560416497 31
156050 109976 1560416497 128
204525 33437 1560416497 162
57646 89671 1560416497 13
382871 22616 1560416497 2
367896 49531 1560416497 46
333560 69391 1560416497 510
340634 29862 1560416497 37
437757 14581 1560416497 6
400269 108096 1560416497 55
443590 22616 1560416498 40
127669 97055 1560416498 50
301283 29862 1560416498 0
305897 20959 1560416498 29
127858 33276 1560416498 57
298262 109976 1560416498 115
6353 572 1560416498 28
408920 20959 1560416498 42
166201 31128 1560416498 132
356543 29060 1560416498 53
74213 14581 1560416498 56
366559 98072 1560416498 49
298945 97179 1560416498 2
40286 50732 1560416499 123
352231 42481 1560416499 112
409384 106946 1560416499 8
424688 17830 1560416499 613
437005 49531 1560416499 52
33482 17005 1560416499 34
108328 12644 1560416499 172
343119 6609 1560416499 17
348474 58675 1560416499 4
112236 50556 1560416499 67
304554 97179 1560416499 618
169629 61271 1560416499 61
162428 14581 1560416499 60
177970 38016 1560416499 103
66560 109976 1560416499 8
148733 113008 1560416499 52
109349 14581 1560416499 47
323308 8349 1560416499 8
212050 22616 1560416499 35
19425 98225 1560416499 254
81485 7203 1560416499 61
294652 98072 1560416499 42
241405 94592 1560416499 46
420576 33870 1560416500 130
248208 49531 1560416500 105
94217 94592 1560416500 3
245029 65289 1560416500 38
271323 14581 1560416500 47
231330 89671 1560416500 345
325139 17499 1560416500 0
415049 49531 1560416500 70
95506 18072 1560416500 104
6353 68614 1560416500 1
78931 105574 1560416500 110
207932 94592 1560416500 60
411139 49531 1560416500 45
120543 94592 1560416500 120
241538 80600 1560416500 184
119382 29051 1560416500 20
7910 17830 1560416500 184
280663 94592 1560416500 519
122375 61271 1560416500 210
213567 112753 1560416500 27
151135 97417 1560416500 21
24179 66930 1560416500 23
177460 111149 1560416500 49
38514 17499 1560416500 1946
157371 69391 1560416500 321
54647 31186 1560416500 14
307476 14581 1560416500 225
202633 15109 1560416500 849
434848 42481 1560416501 78
209746 52668 1560416501 30
429028 90723 1560416501 43
180731 14581 1560416501 81
383442 96022 1560416501 100
107517 110494 1560416501 15
215451 52668 1560416501 44
121583 52075 1560416501 123
192954 72259 1560416501 58
74194 76432 1560416501 60
260349 8666 1560416501 1
371616 45317 1560416501 54
279084 17830 1560416501 84
78653 87711 1560416501 26
327578 109976 1560416501 612
405348 79226 1560416501 274
217872 66930 1560416501 17
352594 76310 1560416502 415
334229 23260 1560416502 24
7774 98225 1560416502 125
16365 65289 1560416502 109
45091 110494 1560416502 3
43559 48081 1560416502 1124
150256 70360 1560416502 3
243206 105574 1560416502 174
408335 46939 1560416502 1594
254627 18072 1560416502 75
293780 109976 1560416502 223
429603 14581 1560416502 60
5117 3818 1560416502 12
276677 25729 1560416502 46
102608 79226 1560416502 117
214932 106932 1560416502 44
201180 62523 1560416502 61
100092 94592 1560416502 54
420871 102099 1560416502 76
130576 59598 1560416502 7
327238 104543 1560416502 16
272780 45317 1560416502 174
368377 48362 1560416502 12
16176 42481 1560416502 88
125562 24264 1560416502 50
443638 46939 1560416503 114
444702 35263 1560416503 84
183888 72259 1560416503 13
286768 7209 1560416503 6
139296 109976 1560416503 1393
254847 31128 1560416503 62
92964 74594 1560416503 30
58475 25057 1560416503 308
320296 106932 1560416503 588
284505 3448 1560416503 6
232486 52668 1560416503 15
261783 44943 1560416503 4
182960 108791 1560416503 25
122114 98072 1560416503 18
356680 79226 1560416503 208
166129 112321 1560416503 22
280823 113008 1560416503 1044
263611 87711 1560416503 514
102282 96022 1560416503 360
88238 29862 1560416503 16
140987 7376 1560416503 66
126017 109976 1560416503 22
438862 44160 1560416503 145
120891 106946 1560416503 52
157350 97179 1560416504 122
4298 50514 1560416504 159
124555 69391 1560416504 5
342128 14581 1560416504 80
18861 54904 1560416504 28
263582 22616 1560416504 43
320032 22616 1560416504 73
35905 52075 1560416504 22
376031 33437 1560416504 108
290858 102099 1560416504 298
231725 24264 1560416504 165
101674 94592 1560416504 11
8905 22131 1560416504 7
215584 49531 1560416504 27
380529 52668 1560416504 5
83293 31128 1560416504 172
79655 69391 1560416504 150
221351 96022 1560416504 94
238301 31128 1560416504 615
397288 17499 1560416505 64
121630 50556 1560416505 169
140641 94592 1560416505 72
119959 98312 1560416505 6
105453 14581 1560416505 1399
381101 69391 1560416505 684
232316 8541 1560416505 49
163573 25057 1560416505 1583
190272 109976 1560416505 185
406127 25729 1560416505 176
147776 15123 1560416505 67
271220 46939 1560416505 255
126083 29060 1560416505 120
271372 109976 1560416505 24
370361 93859 1560416505 364
325915 106932 1560416505 121
151135 27762 1560416505 10
217872 91772 1560416505 5
207051 20574 1560416505 10
283085 112321 1560416505 30
442792 2860 1560416505 226
281953 35986 1560416506 10
111719 29946 1560416506 19
196621 93859 1560416506 53
299493 69765 1560416506 7
156118 46939 1560416506 26
348042 25729 1560416506 492
409142 69391 1560416506 267
303872 25694 1560416506 1728
335939 89671 1560416506 9
261269 69391 1560416506 97
123434 29862 1560416506 67
143040 102590 1560416506 12
64944 102099 1560416506 20
229384 72259 1560416506 2
371920 93859 1560416506 324
46582 112321 1560416506 34
281481 40032 1560416506 18
22233 36146 1560416506 255
153732 27463 1560416506 10
220756 75139 1560416506 67
321659 26019 1560416506 19
270792 29060 1560416507 23
352793 9077 1560416507 3
15577 94592 1560416507 192
363492 45317 1560416507 246
49838 572 1560416507 15
243210 17830 1560416507 113
172893 61271 1560416507 54
407624 48081 1560416507 72
28303 6544 1560416507 59
305044 45317 1560416507 28
133122 25694 1560416507 34
416746 109976 1560416507 219
36227 79953 1560416507 5
121657 13910 1560416507 11
253645 63739 1560416507 47
201381 17830 1560416507 152
445006 48081 1560416507 66
139372 1352 1560416507 20
175017 52668 1560416507 14
